2026-06-06 00:12:58, EXEC, v:1, k:ed@prin_list1, mode:FULL, rate:0
2026-06-06 00:13:22, EXEC, v:1, k:ed@prin_list1, mode:FULL, rate:0, size:171
2026-06-06 00:13:26, MOVE, v:1, k:ed@prin_list1, mode:EDIT
2026-06-06 00:19:22, EXEC, v:1, k:ed@prin_list1, mode:FULL, size:171, fail:COMP
2026-06-06 00:20:19, EXEC, v:1, k:ed@prin_list1, mode:FULL, rate:0, size:171
2026-06-06 00:20:16, MOVE, v:1, k:ed@prin_list1, mode:EDIT
2026-06-06 00:29:29, EXEC, v:1, k:ed@prin_list1, mode:FULL, rate:0, size:174
2026-06-06 00:30:24, EXEC, v:1, k:ed@prin_list1, mode:FULL, size:174, fail:COMP
2026-06-06 00:30:41, EXEC, v:1, k:ed@prin_list1, mode:FULL, rate:0, size:174
2026-06-06 00:30:39, MOVE, v:1, k:ed@prin_list1, mode:EDIT
2026-06-06 00:30:30, MOVE, v:1, k:ed@prin_list1, mode:EDIT
2026-06-06 00:31:58, MOVE, v:1, k:ed@prin_list1, mode:BACK
2026-06-06 00:32:25, MOVE, v:1, k:ed@prin_list1, mode:PICK
2026-06-06 00:32:33, EXEC, v:1, k:ed@prin_list1, mode:FULL, rate:0
2026-06-06 00:35:13, EXEC, v:1, k:ed@prin_list1, mode:FULL, rate:0
2026-06-06 00:35:15, EXEC, v:1, k:ed@prin_list1, mode:FULL, rate:0
2026-06-06 00:35:17, EXEC, v:1, k:ed@prin_list1, mode:FULL, rate:0
2026-06-06 00:36:17, MOVE, v:1, k:ed@prin_list1, mode:EDIT
2026-06-06 00:37:41, EXEC, v:1, k:ed@prin_list1, mode:FULL, size:171, fail:COMP
2026-06-06 00:38:16, EXEC, v:1, k:ed@prin_list1, mode:FULL, fail:COMP
2026-06-06 00:38:38, EXEC, v:1, k:ed@prin_list1, mode:FULL, rate:0, size:171
2026-06-06 00:37:36, MOVE, v:1, k:ed@prin_list1, mode:EDIT
2026-06-06 00:38:36, MOVE, v:1, k:ed@prin_list1, mode:EDIT
2026-06-06 00:51:49, EXEC, v:1, k:ed@prin_list1, mode:FULL, rate:0
2026-06-06 00:52:20, EXEC, v:1, k:ed@prin_list1, mode:FULL, rate:0, size:176
2026-06-06 00:53:18, EXEC, v:1, k:ed@prin_list1, mode:FULL, rate:0, size:180
2026-06-06 00:53:27, EXEC, v:1, k:ed@prin_list1, mode:FULL, rate:0, size:179
2026-06-06 00:53:36, EXEC, v:1, k:ed@prin_list1, mode:FULL, rate:0, size:179
2026-06-06 00:53:47, EXEC, v:1, k:ed@prin_list1, mode:FULL, rate:0, size:179
2026-06-06 00:55:00, EXEC, v:1, k:ed@prin_list1, mode:FULL, rate:0
2026-06-06 00:56:23, EXEC, v:1, k:ed@prin_list1, mode:FULL, rate:0
2026-06-06 00:56:30, EXEC, v:1, k:ed@prin_list1, mode:FULL, rate:0, size:176
2026-06-06 00:56:28, MOVE, v:1, k:ed@prin_list1, mode:EDIT
2026-06-06 00:56:47, EXEC, v:1, k:ed@prin_list1, mode:FULL, rate:0, size:176
2026-06-06 01:00:31, EXEC, v:1, k:ed@prin_list1, mode:FULL, rate:0, size:179
2026-06-06 01:01:32, EXEC, v:1, k:ed@prin_list1, mode:FULL, rate:0, size:180
2026-06-06 01:01:30, MOVE, v:1, k:ed@prin_list1, mode:EDIT
2026-06-06 01:07:16, EXEC, v:1, k:ed@prin_list1, mode:FULL, size:185, fail:COMP
2026-06-06 01:07:29, EXEC, v:1, k:ed@prin_list1, mode:FULL, size:181, fail:COMP
2026-06-06 01:09:35, EXEC, v:1, k:ed@prin_list1, mode:FULL, rate:0, size:181
2026-06-06 01:10:22, EXEC, v:1, k:ed@prin_list1, mode:FULL, size:181, fail:COMP
2026-06-06 01:10:33, EXEC, v:1, k:ed@prin_list1, mode:FULL, rate:0, size:181
2026-06-06 01:10:31, MOVE, v:1, k:ed@prin_list1, mode:EDIT
2026-06-06 01:23:55, EXEC, v:1, k:ed@prin_list1, mode:FULL, rate:0, size:181
2026-06-06 01:23:52, MOVE, v:1, k:ed@prin_list1, mode:EDIT
2026-06-06 01:29:30, EXEC, v:1, k:ed@prin_list1, mode:FULL, rate:0, size:184
2026-06-06 01:29:55, EXEC, v:1, k:ed@prin_list1, mode:FULL, rate:0, size:184
2026-06-06 01:29:53, MOVE, v:1, k:ed@prin_list1, mode:EDIT
2026-06-06 01:37:20, EXEC, v:1, k:ed@prin_list1, mode:FULL, rate:0, size:184
2026-06-06 01:38:03, EXEC, v:1, k:ed@prin_list1, mode:FULL, rate:0, size:187
2026-06-06 01:38:16, EXEC, v:1, k:ed@prin_list1, mode:FULL, rate:0, size:188
2026-06-06 01:38:14, MOVE, v:1, k:ed@prin_list1, mode:EDIT
2026-06-06 01:38:56, EXEC, v:1, k:ed@prin_list1, mode:FULL, rate:0, size:188
2026-06-06 01:39:18, EXEC, v:1, k:ed@prin_list1, mode:FULL, rate:0, size:187
2026-06-06 01:39:30, EXEC, v:1, k:ed@prin_list1, mode:FULL, rate:0, size:187
2026-06-06 01:39:45, EXEC, v:1, k:ed@prin_list1, mode:FULL, rate:16, size:187
2026-06-06 01:40:59, EXEC, v:1, k:ed@prin_list1, mode:FULL, rate:100, size:187
2026-06-06 01:41:10, MOVE, v:1, k:ed@prin_list1, mode:BACK
2026-06-06 01:41:34, SELF, v:1, k:ed@prin_list1, self:1, rate:100, study:110
2026-06-06 01:41:37, MOVE, v:1, k:ed@prin_list1, mode:PICK
2026-06-06 01:41:52, MOVE, v:1, k:ed@prin_list1, mode:BACK
2026-06-06 01:55:26, MOVE, v:1, k:ed@lista_d4, mode:DOWN
2026-06-06 01:55:29, MOVE, v:1, k:ed@lista_d4, mode:PICK
2026-06-06 01:55:44, EXEC, v:1, k:ed@lista_d4, mode:FULL, rate:0, size:124
2026-06-06 01:55:26, MOVE, v:1, k:ed@lista_d4, mode:EDIT
2026-06-06 01:55:26, MOVE, v:1, k:ed@lista_d4, mode:EDIT
2026-06-06 01:55:26, MOVE, v:1, k:ed@lista_d4, mode:EDIT
2026-06-06 01:55:26, MOVE, v:1, k:ed@lista_d4, mode:EDIT
2026-06-06 01:56:34, MOVE, v:1, k:ed@lista_d4, mode:BACK
2026-06-06 01:57:14, MOVE, v:1, k:ed@iterador, mode:DOWN
2026-06-06 01:57:15, MOVE, v:1, k:ed@iterador, mode:PICK
2026-06-06 01:57:32, EXEC, v:1, k:ed@iterador, mode:FULL, rate:33, size:82
2026-06-06 01:57:49, MOVE, v:1, k:ed@iterador, mode:BACK
2026-06-06 02:11:57, MOVE, v:1, k:ed@editorint, mode:DOWN
2026-06-06 02:11:58, MOVE, v:1, k:ed@editorint, mode:PICK
2026-06-06 02:12:02, EXEC, v:1, k:ed@editorint, mode:FULL, size:261, fail:COMP
2026-06-06 02:11:57, MOVE, v:1, k:ed@editorint, mode:EDIT
2026-06-06 02:11:57, MOVE, v:1, k:ed@editorint, mode:EDIT
2026-06-06 02:11:57, MOVE, v:1, k:ed@editorint, mode:EDIT
2026-06-06 02:11:57, MOVE, v:1, k:ed@editorint, mode:EDIT
2026-06-06 02:11:57, MOVE, v:1, k:ed@editorint, mode:EDIT
2026-06-06 02:14:01, MOVE, v:1, k:ed@editorint, mode:BACK
