2026-05-13 08:51:20, MOVE, v:1, k:ed@princesa, mode:PICK
2026-05-13 08:56:34, MOVE, v:1, k:ed@princesa, mode:BACK
2026-05-13 08:56:34, MOVE, v:1, k:ed@princesa, mode:EDIT
2026-05-13 09:04:26, MOVE, v:1, k:ed@princesa, mode:PICK
2026-05-13 09:07:30, MOVE, v:1, k:ed@princesa, mode:EDIT
2026-05-13 09:12:39, EXEC, v:1, k:ed@princesa, mode:FULL, rate:0, size:45
2026-05-13 09:12:56, EXEC, v:1, k:ed@princesa, mode:FULL, rate:0, size:42
2026-05-13 09:12:53, MOVE, v:1, k:ed@princesa, mode:EDIT
2026-05-13 09:21:03, EXEC, v:1, k:ed@princesa, mode:FULL, rate:0, size:56
2026-05-13 09:21:19, EXEC, v:1, k:ed@princesa, mode:FULL, rate:0, size:56
2026-05-13 09:21:45, EXEC, v:1, k:ed@princesa, mode:FULL, rate:0, size:56
2026-05-13 09:22:50, EXEC, v:1, k:ed@princesa, mode:FULL, rate:0, size:56
2026-05-13 09:22:48, MOVE, v:1, k:ed@princesa, mode:EDIT
2026-05-13 09:26:32, EXEC, v:1, k:ed@princesa, mode:FULL, rate:100, size:56
2026-05-13 09:26:40, MOVE, v:1, k:ed@princesa, mode:BACK
2026-05-13 09:27:57, SELF, v:1, k:ed@princesa, self:1, rate:100, study:420, concept:1
2026-05-13 09:29:49, MOVE, v:1, k:ed@apagando, mode:DOWN
2026-05-13 09:29:53, MOVE, v:1, k:ed@apagando, mode:PICK
2026-05-13 09:32:41, EXEC, v:1, k:ed@apagando, mode:FULL, size:4, fail:COMP
2026-05-13 09:32:46, MOVE, v:1, k:ed@apagando, mode:BACK
2026-05-13 12:15:32, MOVE, v:1, k:ed@apagando, mode:PICK
2026-05-13 12:33:37, MOVE, v:1, k:ed@apagando, mode:BACK
2026-05-13 12:33:44, MOVE, v:1, k:ed@apagando, mode:PICK
2026-05-13 12:33:34, MOVE, v:1, k:ed@apagando, mode:EDIT
2026-05-13 12:40:11, MOVE, v:1, k:ed@apagando, mode:EDIT
2026-05-13 12:46:10, MOVE, v:1, k:ed@apagando, mode:EDIT
2026-05-13 12:56:38, MOVE, v:1, k:ed@apagando, mode:EDIT
2026-05-13 13:00:13, MOVE, v:1, k:ed@apagando, mode:EDIT
2026-05-13 13:16:51, MOVE, v:1, k:ed@apagando, mode:BACK
2026-05-13 13:16:44, MOVE, v:1, k:ed@apagando, mode:EDIT
2026-05-13 19:59:04, MOVE, v:1, k:ed@apagando, mode:PICK
2026-05-13 20:06:11, MOVE, v:1, k:ed@apagando, mode:BACK
2026-05-13 20:08:19, MOVE, v:1, k:ed@apagando, mode:PICK
2026-05-13 20:08:32, MOVE, v:1, k:ed@apagando, mode:BACK
2026-05-13 20:10:07, MOVE, v:1, k:ed@apagando, mode:PICK
2026-05-13 20:10:19, EXEC, v:1, k:ed@apagando, mode:FULL, rate:0, size:46
2026-05-13 20:11:49, EXEC, v:1, k:ed@apagando, mode:FULL, rate:0, size:50
2026-05-13 20:12:04, EXEC, v:1, k:ed@apagando, mode:FULL, rate:0, size:50
2026-05-13 20:13:00, EXEC, v:1, k:ed@apagando, mode:FULL, rate:0, size:50
2026-05-13 20:13:26, EXEC, v:1, k:ed@apagando, mode:FULL, rate:90, size:51
2026-05-13 20:13:25, MOVE, v:1, k:ed@apagando, mode:EDIT
2026-05-13 20:14:42, MOVE, v:1, k:ed@apagando, mode:BACK
2026-05-13 20:14:55, MOVE, v:1, k:ed@apagando, mode:PICK
2026-05-13 20:14:59, EXEC, v:1, k:ed@apagando, mode:FULL, rate:90
2026-05-13 20:15:02, MOVE, v:1, k:ed@apagando, mode:BACK
2026-05-13 20:16:47, SELF, v:1, k:ed@apagando, self:1, rate:90, study:100, concept:1
2026-05-13 20:16:55, MOVE, v:1, k:ed@manipulacao, mode:DOWN
2026-05-13 20:17:13, MOVE, v:1, k:ed@manipulacao, mode:PICK
2026-05-13 20:16:55, MOVE, v:1, k:ed@manipulacao, mode:EDIT
2026-05-13 20:16:55, MOVE, v:1, k:ed@manipulacao, mode:EDIT
2026-05-13 20:16:55, MOVE, v:1, k:ed@manipulacao, mode:EDIT
2026-05-13 20:28:41, EXEC, v:1, k:ed@manipulacao, mode:FULL, rate:14, size:113
2026-05-13 20:27:25, MOVE, v:1, k:ed@manipulacao, mode:EDIT
2026-05-13 20:32:21, EXEC, v:1, k:ed@manipulacao, mode:FULL, rate:28, size:115
2026-05-13 20:32:18, MOVE, v:1, k:ed@manipulacao, mode:EDIT
2026-05-13 20:39:47, MOVE, v:1, k:ed@manipulacao, mode:BACK
