2026-06-05 00:00:28, EXEC, v:1, k:ed@multiset, mode:FULL, rate:83, size:181
2026-06-05 00:00:27, MOVE, v:1, k:ed@multiset, mode:EDIT
2026-06-05 00:02:36, EXEC, v:1, k:ed@multiset, mode:FULL, rate:100, size:184
2026-06-05 00:02:40, MOVE, v:1, k:ed@multiset, mode:BACK
2026-06-05 00:03:14, SELF, v:1, k:ed@multiset, self:1, rate:100, study:152, concept:1
2026-06-05 00:03:20, SELF, v:1, k:ed@multiset, self:1, rate:100, study:152, concept:1
2026-06-05 11:17:26, MOVE, v:1, k:ed@lista_d1, mode:DOWN
2026-06-05 11:17:28, MOVE, v:1, k:ed@lista_d1, mode:PICK
2026-06-05 11:17:46, EXEC, v:1, k:ed@lista_d1, mode:FULL, rate:0, size:57
2026-06-05 11:17:26, MOVE, v:1, k:ed@lista_d1, mode:EDIT
2026-06-05 11:17:26, MOVE, v:1, k:ed@lista_d1, mode:EDIT
2026-06-05 11:17:26, MOVE, v:1, k:ed@lista_d1, mode:EDIT
2026-06-05 11:19:09, MOVE, v:1, k:ed@lista_d1, mode:EDIT
2026-06-05 14:15:35, SELF, v:1, k:ed@lista_d1, self:1, friend:Oi turma
2026-06-05 14:15:36, EXEC, v:1, k:ed@lista_d1, mode:FULL, size:58, fail:COMP
2026-06-05 14:15:36, EXEC, v:1, k:ed@lista_d1, mode:FREE, size:58
2026-06-05 14:15:48, MOVE, v:1, k:ed@lista_d1, mode:BACK
2026-06-05 14:16:38, MOVE, v:1, k:ed@lista_d1, mode:PICK
2026-06-05 14:16:48, EXEC, v:1, k:ed@lista_d1, mode:FULL, size:74, fail:COMP
2026-06-05 14:16:53, EXEC, v:1, k:ed@lista_d1, mode:FULL, size:73, fail:COMP
2026-06-05 14:17:21, MOVE, v:1, k:ed@lista_d1, mode:BACK
2026-06-05 14:16:52, MOVE, v:1, k:ed@lista_d1, mode:EDIT
2026-06-05 14:29:05, MOVE, v:1, k:ed@lista_d1, mode:PICK
2026-06-05 14:30:55, EXEC, v:1, k:ed@lista_d1, mode:FULL, size:88, fail:COMP
2026-06-05 14:31:16, EXEC, v:1, k:ed@lista_d1, mode:FULL, rate:0, size:88
2026-06-05 14:31:13, MOVE, v:1, k:ed@lista_d1, mode:EDIT
2026-06-05 14:32:25, MOVE, v:1, k:ed@lista_d1, mode:BACK
2026-06-05 14:32:32, MOVE, v:1, k:ed@vetbuild, mode:PICK
2026-06-05 14:33:47, MOVE, v:1, k:ed@vetbuild, mode:BACK
2026-06-05 14:34:00, MOVE, v:1, k:ed@lista_d1, mode:PICK
2026-06-05 14:34:10, EXEC, v:1, k:ed@lista_d1, mode:FULL, size:104, fail:COMP
2026-06-05 14:35:09, EXEC, v:1, k:ed@lista_d1, mode:FULL, size:104, fail:COMP
2026-06-05 14:35:18, EXEC, v:1, k:ed@lista_d1, mode:FULL, fail:COMP
2026-06-05 14:35:30, EXEC, v:1, k:ed@lista_d1, mode:FULL, rate:0, size:104
2026-06-05 14:35:29, MOVE, v:1, k:ed@lista_d1, mode:EDIT
2026-06-05 14:41:14, MOVE, v:1, k:ed@lista_d1, mode:EDIT
2026-06-05 14:58:08, MOVE, v:1, k:ed@lista_d1, mode:EDIT
2026-06-05 15:03:31, EXEC, v:1, k:ed@lista_d1, mode:FULL, rate:0, size:106
2026-06-05 15:03:49, EXEC, v:1, k:ed@lista_d1, mode:FULL, rate:0, size:106
2026-06-05 15:04:27, EXEC, v:1, k:ed@lista_d1, mode:FULL, rate:0, size:102
2026-06-05 15:04:25, MOVE, v:1, k:ed@lista_d1, mode:EDIT
2026-06-05 15:06:53, EXEC, v:1, k:ed@lista_d1, mode:FULL, rate:0
2026-06-05 15:10:36, EXEC, v:1, k:ed@lista_d1, mode:FULL, rate:14, size:102
2026-06-05 15:08:31, MOVE, v:1, k:ed@lista_d1, mode:EDIT
2026-06-05 15:15:23, MOVE, v:1, k:ed@lista_d1, mode:EDIT
2026-06-05 15:17:11, EXEC, v:1, k:ed@lista_d1, mode:FULL, rate:14, size:102
2026-06-05 15:17:19, EXEC, v:1, k:ed@lista_d1, mode:FULL, rate:14, size:102
2026-06-05 15:17:20, MOVE, v:1, k:ed@lista_d1, mode:EDIT
2026-06-05 15:21:48, MOVE, v:1, k:ed@lista_d1, mode:BACK
2026-06-05 15:35:51, MOVE, v:1, k:ed@lista_d1, mode:PICK
2026-06-05 15:38:22, EXEC, v:1, k:ed@lista_d1, mode:FULL, rate:14, size:102
2026-06-05 15:38:51, EXEC, v:1, k:ed@lista_d1, mode:FULL, rate:14, size:102
2026-06-05 15:39:43, EXEC, v:1, k:ed@lista_d1, mode:FULL, rate:14, size:106
2026-06-05 15:39:56, EXEC, v:1, k:ed@lista_d1, mode:FULL, rate:14, size:106
2026-06-05 15:40:05, EXEC, v:1, k:ed@lista_d1, mode:FULL, rate:14, size:106
2026-06-05 15:40:03, MOVE, v:1, k:ed@lista_d1, mode:EDIT
2026-06-05 15:40:41, EXEC, v:1, k:ed@lista_d1, mode:FULL, rate:14, size:106
2026-06-05 15:40:56, EXEC, v:1, k:ed@lista_d1, mode:FULL, rate:14, size:102
2026-06-05 15:41:35, EXEC, v:1, k:ed@lista_d1, mode:FULL, rate:14, size:102
2026-06-05 15:41:33, MOVE, v:1, k:ed@lista_d1, mode:EDIT
2026-06-05 15:47:46, EXEC, v:1, k:ed@lista_d1, mode:FULL, rate:14, size:102
2026-06-05 15:47:58, EXEC, v:1, k:ed@lista_d1, mode:FULL, rate:14, size:102
2026-06-05 15:47:56, MOVE, v:1, k:ed@lista_d1, mode:EDIT
2026-06-05 15:54:48, EXEC, v:1, k:ed@lista_d1, mode:FULL, rate:14, size:106
2026-06-05 15:54:44, MOVE, v:1, k:ed@lista_d1, mode:EDIT
2026-06-05 15:55:15, EXEC, v:1, k:ed@lista_d1, mode:FULL, rate:28, size:106
2026-06-05 15:55:13, MOVE, v:1, k:ed@lista_d1, mode:EDIT
2026-06-05 16:03:42, EXEC, v:1, k:ed@lista_d1, mode:FULL, size:118, fail:COMP
2026-06-05 16:03:54, EXEC, v:1, k:ed@lista_d1, mode:FULL, rate:42, size:118
2026-06-05 16:03:52, MOVE, v:1, k:ed@lista_d1, mode:EDIT
2026-06-05 16:07:52, EXEC, v:1, k:ed@lista_d1, mode:FULL, rate:57, size:123
2026-06-05 16:08:29, EXEC, v:1, k:ed@lista_d1, mode:FULL, rate:71, size:123
2026-06-05 16:08:27, MOVE, v:1, k:ed@lista_d1, mode:EDIT
2026-06-05 16:15:49, EXEC, v:1, k:ed@lista_d1, mode:FULL, rate:85, size:129
2026-06-05 16:16:02, EXEC, v:1, k:ed@lista_d1, mode:FULL, rate:85, size:128
2026-06-05 16:18:45, EXEC, v:1, k:ed@lista_d1, mode:FULL, rate:100, size:133
2026-06-05 16:19:25, MOVE, v:1, k:ed@lista_d1, mode:BACK
2026-06-05 16:20:11, SELF, v:1, k:ed@lista_d1, self:1, rate:100, study:120, guided:1
2026-06-05 19:48:12, MOVE, v:1, k:ed@lista_d2, mode:DOWN
2026-06-05 19:48:14, MOVE, v:1, k:ed@lista_d2, mode:PICK
2026-06-05 19:52:00, MOVE, v:1, k:ed@lista_d2, mode:BACK
2026-06-05 19:48:12, MOVE, v:1, k:ed@lista_d2, mode:EDIT
2026-06-05 19:48:12, MOVE, v:1, k:ed@lista_d2, mode:EDIT
2026-06-05 19:48:12, MOVE, v:1, k:ed@lista_d2, mode:EDIT
2026-06-05 19:48:12, MOVE, v:1, k:ed@lista_d2, mode:EDIT
2026-06-05 20:47:23, MOVE, v:1, k:ed@lista_d2, mode:PICK
2026-06-05 20:47:32, MOVE, v:1, k:ed@lista_d2, mode:BACK
2026-06-05 20:47:34, MOVE, v:1, k:ed@lista_d1, mode:PICK
2026-06-05 20:48:30, EXEC, v:1, k:ed@lista_d1, mode:FULL, rate:100
2026-06-05 20:48:53, MOVE, v:1, k:ed@lista_d1, mode:BACK
2026-06-05 20:48:54, MOVE, v:1, k:ed@lista_d2, mode:PICK
2026-06-05 20:49:04, EXEC, v:1, k:ed@lista_d2, mode:FULL, rate:0, size:168
2026-06-05 20:51:05, EXEC, v:1, k:ed@lista_d2, mode:FULL, rate:20, size:169
2026-06-05 20:51:27, MOVE, v:1, k:ed@lista_d2, mode:BACK
2026-06-05 20:50:56, MOVE, v:1, k:ed@lista_d2, mode:EDIT
2026-06-05 20:52:34, MOVE, v:1, k:ed@lista_d2, mode:PICK
2026-06-05 20:52:45, EXEC, v:1, k:ed@lista_d2, mode:FULL, rate:20
2026-06-05 20:54:09, MOVE, v:1, k:ed@lista_d2, mode:BACK
2026-06-05 20:57:03, MOVE, v:1, k:ed@lista_d2, mode:PICK
2026-06-05 20:57:14, EXEC, v:1, k:ed@lista_d2, mode:FULL, rate:20
2026-06-05 21:02:28, MOVE, v:1, k:ed@lista_d2, mode:BACK
2026-06-05 21:02:27, MOVE, v:1, k:ed@lista_d2, mode:EDIT
2026-06-05 23:00:45, MOVE, v:1, k:ed@lista_d2, mode:PICK
2026-06-05 23:03:26, MOVE, v:1, k:ed@lista_d2, mode:EDIT
2026-06-05 23:13:01, EXEC, v:1, k:ed@lista_d2, mode:FULL, rate:20, size:186
2026-06-05 23:15:36, MOVE, v:1, k:ed@lista_d2, mode:BACK
2026-06-05 23:14:55, MOVE, v:1, k:ed@lista_d2, mode:EDIT
2026-06-05 23:21:06, MOVE, v:1, k:ed@lista_d2, mode:PICK
2026-06-05 23:22:59, MOVE, v:1, k:ed@lista_d2, mode:EDIT
2026-06-05 23:26:18, MOVE, v:1, k:ed@lista_d2, mode:BACK
2026-06-05 23:39:52, MOVE, v:1, k:ed@lista_d2, mode:PICK
2026-06-05 23:41:03, EXEC, v:1, k:ed@lista_d2, mode:FULL, rate:20, size:194
2026-06-05 23:42:56, EXEC, v:1, k:ed@lista_d2, mode:FULL, rate:20, size:198
2026-06-05 23:44:04, EXEC, v:1, k:ed@lista_d2, mode:FULL, rate:40, size:198
2026-06-05 23:45:04, EXEC, v:1, k:ed@lista_d2, mode:FULL, rate:60, size:198
2026-06-05 23:45:02, MOVE, v:1, k:ed@lista_d2, mode:EDIT
2026-06-05 23:45:27, EXEC, v:1, k:ed@lista_d2, mode:FULL, rate:80, size:198
2026-06-05 23:48:49, EXEC, v:1, k:ed@lista_d2, mode:FULL, rate:100, size:203
2026-06-05 23:48:52, MOVE, v:1, k:ed@lista_d2, mode:BACK
2026-06-05 23:49:12, SELF, v:1, k:ed@lista_d2, self:1, rate:100, study:60, guided:1
2026-06-05 23:49:37, MOVE, v:1, k:ed@prin_list1, mode:DOWN
2026-06-05 23:49:39, MOVE, v:1, k:ed@prin_list1, mode:PICK
2026-06-05 23:51:02, EXEC, v:1, k:ed@prin_list1, mode:FULL, size:172, fail:COMP
2026-06-05 23:51:16, EXEC, v:1, k:ed@prin_list1, mode:FULL, fail:COMP
2026-06-05 23:52:30, MOVE, v:1, k:ed@prin_list1, mode:BACK
2026-06-05 23:49:36, MOVE, v:1, k:ed@prin_list1, mode:EDIT
2026-06-05 23:49:37, MOVE, v:1, k:ed@prin_list1, mode:EDIT
2026-06-05 23:49:37, MOVE, v:1, k:ed@prin_list1, mode:EDIT
2026-06-05 23:49:37, MOVE, v:1, k:ed@prin_list1, mode:EDIT
2026-06-05 23:55:01, MOVE, v:1, k:ed@prin_list1, mode:PICK
2026-06-05 23:55:04, EXEC, v:1, k:ed@prin_list1, mode:FULL, size:302, fail:COMP
2026-06-05 23:55:15, EXEC, v:1, k:ed@prin_list1, mode:FULL, fail:COMP
2026-06-05 23:55:16, EXEC, v:1, k:ed@prin_list1, mode:FULL, fail:COMP
2026-06-05 23:55:22, EXEC, v:1, k:ed@prin_list1, mode:FULL, fail:COMP
2026-06-05 23:55:24, EXEC, v:1, k:ed@prin_list1, mode:FULL, fail:COMP
2026-06-05 23:55:29, EXEC, v:1, k:ed@prin_list1, mode:FULL, fail:COMP
2026-06-05 23:55:29, EXEC, v:1, k:ed@prin_list1, mode:FULL, fail:COMP
2026-06-05 23:55:29, EXEC, v:1, k:ed@prin_list1, mode:FULL, fail:COMP
2026-06-05 23:56:03, MOVE, v:1, k:ed@prin_list1, mode:BACK
2026-06-05 23:58:06, MOVE, v:1, k:ed@prin_list1, mode:PICK
2026-06-05 23:58:12, EXEC, v:1, k:ed@prin_list1, mode:FULL, rate:0, size:171
2026-06-05 23:54:43, MOVE, v:1, k:ed@prin_list1, mode:EDIT
2026-06-05 23:57:33, MOVE, v:1, k:ed@prin_list1, mode:EDIT
2026-06-05 23:59:26, EXEC, v:1, k:ed@prin_list1, mode:FULL, rate:0
