2026-03-22 19:40:22, SELF, v:1, k:ed@fuga, self:1, rate:100, study:60, friend:nao, code:1, debug:1
2026-03-22 19:40:22, MOVE, v:1, k:ed@fuga, mode:PICK
2026-03-22 19:40:24, EXEC, v:1, k:ed@fuga, mode:FULL, rate:100
2026-03-22 19:40:27, EXEC, v:1, k:ed@fuga, mode:FULL, rate:100
2026-03-22 19:40:28, MOVE, v:1, k:ed@fuga, mode:BACK
2026-03-22 19:44:22, MOVE, v:1, k:ed@pedra, mode:PICK
2026-03-22 19:47:14, EXEC, v:1, k:ed@pedra, mode:FULL, rate:0, size:28
2026-03-22 19:55:22, EXEC, v:1, k:ed@pedra, mode:FULL, rate:0, size:35
2026-03-22 19:56:35, EXEC, v:1, k:ed@pedra, mode:FULL, rate:0, size:37
2026-03-22 19:56:46, EXEC, v:1, k:ed@pedra, mode:FULL, rate:33, size:36
2026-03-22 19:57:15, EXEC, v:1, k:ed@pedra, mode:FULL, rate:0, size:37
2026-03-22 19:58:29, EXEC, v:1, k:ed@pedra, mode:FULL, rate:33, size:36
2026-03-22 19:58:44, EXEC, v:1, k:ed@pedra, mode:FULL, rate:0, size:37
2026-03-22 20:00:36, EXEC, v:1, k:ed@pedra, mode:FULL, rate:0, size:40
2026-03-22 20:04:49, EXEC, v:1, k:ed@pedra, mode:FULL, rate:0, size:41
2026-03-22 20:05:22, EXEC, v:1, k:ed@pedra, mode:FULL, rate:0, size:42
2026-03-22 20:06:56, EXEC, v:1, k:ed@pedra, mode:FULL, rate:0, size:47
2026-03-22 20:07:04, EXEC, v:1, k:ed@pedra, mode:FULL, rate:100, size:46
2026-03-22 20:07:07, MOVE, v:1, k:ed@pedra, mode:BACK
2026-03-22 20:08:23, SELF, v:1, k:ed@pedra, self:1, rate:100, study:90, friend:nao, concept:1, problem:1, code:1, debug:1, refactor:1
