2026-05-25 07:34:00, MOVE, v:1, k:ed@vetbuild, mode:PICK
2026-05-25 07:43:33, MOVE, v:1, k:ed@vetbuild, mode:BACK
2026-05-25 07:44:59, MOVE, v:1, k:ed@padroes3, mode:DOWN
2026-05-25 07:45:01, MOVE, v:1, k:ed@padroes3, mode:PICK
2026-05-25 07:44:59, MOVE, v:1, k:ed@padroes3, mode:EDIT
2026-05-25 07:44:59, MOVE, v:1, k:ed@padroes3, mode:EDIT
2026-05-25 07:44:59, MOVE, v:1, k:ed@padroes3, mode:EDIT
2026-05-25 07:58:19, MOVE, v:1, k:ed@padroes3, mode:BACK
2026-05-25 08:01:42, SELF, v:1, k:ed@casais, self:1, rate:50, concept:1, refactor:1
2026-05-25 08:02:27, MOVE, v:1, k:ed@enesimo, mode:DOWN
2026-05-25 08:02:36, MOVE, v:1, k:ed@enesimo, mode:PICK
2026-05-25 08:02:27, MOVE, v:1, k:ed@enesimo, mode:EDIT
2026-05-25 08:02:27, MOVE, v:1, k:ed@enesimo, mode:EDIT
2026-05-25 08:02:27, MOVE, v:1, k:ed@enesimo, mode:EDIT
2026-05-25 08:02:42, MOVE, v:1, k:ed@padroes3, mode:EDIT
2026-05-25 08:07:32, EXEC, v:1, k:ed@enesimo, mode:FULL, size:41, fail:COMP
2026-05-25 08:07:31, MOVE, v:1, k:ed@enesimo, mode:EDIT
2026-05-25 08:08:04, EXEC, v:1, k:ed@enesimo, mode:FULL, rate:100, size:41
2026-05-25 08:08:08, MOVE, v:1, k:ed@enesimo, mode:BACK
2026-05-25 08:08:32, SELF, v:1, k:ed@enesimo, self:1, rate:100, study:5, code:1
2026-05-25 08:09:32, MOVE, v:1, k:ed@padroes3, mode:PICK
2026-05-25 08:09:40, MOVE, v:1, k:ed@padroes3, mode:BACK
2026-05-25 08:14:25, SELF, v:1, k:ed@enesimo, self:1, rate:100, problem:1, code:1
