2026-07-01 08:28:26, MOVE, v:1, k:ed@formatada, mode:PICK
2026-07-01 08:32:54, MOVE, v:1, k:ed@formatada, mode:EDIT
2026-07-01 08:33:46, EXEC, v:1, k:ed@formatada, mode:FULL, rate:14, size:81
2026-07-01 08:33:57, MOVE, v:1, k:ed@formatada, mode:BACK
2026-07-01 08:35:01, MOVE, v:1, k:ed@formatada, mode:PICK
2026-07-01 08:35:12, EXEC, v:1, k:ed@formatada, mode:FULL, rate:14
2026-07-01 08:38:07, MOVE, v:1, k:ed@formatada, mode:EDIT
2026-07-01 08:38:13, EXEC, v:1, k:ed@formatada, mode:FULL, rate:100, size:84
2026-07-01 08:38:20, MOVE, v:1, k:ed@formatada, mode:BACK
2026-07-01 08:38:34, SELF, v:1, k:ed@formatada, self:1, rate:100, study:10
2026-07-01 08:38:41, MOVE, v:1, k:ed@inverter, mode:PICK
2026-07-01 08:38:53, MOVE, v:1, k:ed@inverter, mode:BACK
2026-07-01 08:38:59, SELF, v:1, k:ed@formatada, self:1, rate:100, study:10
2026-07-01 08:39:02, MOVE, v:1, k:ed@inverter, mode:PICK
2026-07-01 08:39:10, MOVE, v:1, k:ed@inverter, mode:BACK
2026-07-01 08:39:14, SELF, v:1, k:ed@formatada, self:1, rate:100, study:10, guided:1
2026-07-01 08:39:21, SELF, v:1, k:ed@formatada, self:1, rate:100, study:10
2026-07-01 08:39:22, MOVE, v:1, k:ed@inverter, mode:PICK
2026-07-01 08:39:27, SELF, v:1, k:ed@inverter, self:1, rate:16
2026-07-01 08:39:32, EXEC, v:1, k:ed@inverter, mode:FULL, rate:16, size:75
2026-07-01 08:42:21, MOVE, v:1, k:ed@inverter, mode:EDIT
2026-07-01 08:44:35, EXEC, v:1, k:ed@inverter, mode:FULL, rate:0, size:78
2026-07-01 08:44:45, EXEC, v:1, k:ed@inverter, mode:FULL, rate:0, size:75
2026-07-01 08:46:00, EXEC, v:1, k:ed@inverter, mode:FULL, rate:100, size:78
2026-07-01 08:46:04, MOVE, v:1, k:ed@inverter, mode:BACK
2026-07-01 08:46:21, SELF, v:1, k:ed@inverter, self:1, rate:100, study:7
2026-07-01 08:46:29, MOVE, v:1, k:ed@clonar, mode:PICK
2026-07-01 08:46:58, EXEC, v:1, k:ed@clonar, mode:FULL, rate:0
2026-07-01 08:51:03, MOVE, v:1, k:ed@clonar, mode:EDIT
2026-07-01 08:53:10, EXEC, v:1, k:ed@clonar, mode:FULL, rate:100, size:83
2026-07-01 08:53:14, MOVE, v:1, k:ed@clonar, mode:BACK
2026-07-01 08:53:27, SELF, v:1, k:ed@clonar, self:1, rate:100, study:6
2026-07-01 08:53:33, MOVE, v:1, k:ed@soma, mode:PICK
2026-07-01 09:01:13, EXEC, v:1, k:ed@soma, mode:FULL, rate:0
2026-07-01 09:03:20, MOVE, v:1, k:ed@soma, mode:EDIT
2026-07-01 09:04:22, EXEC, v:1, k:ed@soma, mode:FULL, rate:42, size:85
2026-07-01 09:08:08, MOVE, v:1, k:ed@soma, mode:EDIT
2026-07-01 09:10:08, EXEC, v:1, k:ed@soma, mode:FULL, rate:0, size:92
2026-07-01 09:11:20, EXEC, v:1, k:ed@soma, mode:FULL, rate:0, size:92
2026-07-01 09:11:53, EXEC, v:1, k:ed@soma, mode:FULL, rate:42, size:95
2026-07-01 09:11:52, MOVE, v:1, k:ed@soma, mode:EDIT
2026-07-01 09:16:56, MOVE, v:1, k:ed@soma, mode:BACK
2026-07-01 09:18:19, MOVE, v:1, k:ed@soma, mode:PICK
2026-07-01 09:18:21, EXEC, v:1, k:ed@soma, mode:FULL, rate:14, size:95
2026-07-01 09:15:59, MOVE, v:1, k:ed@soma, mode:EDIT
2026-07-01 09:22:15, EXEC, v:1, k:ed@soma, mode:FULL, rate:28, size:103
2026-07-01 09:21:14, MOVE, v:1, k:ed@soma, mode:EDIT
2026-07-01 09:23:57, EXEC, v:1, k:ed@soma, mode:FULL, rate:14, size:97
2026-07-01 09:25:17, MOVE, v:1, k:ed@soma, mode:BACK
2026-07-01 09:23:52, MOVE, v:1, k:ed@soma, mode:EDIT
2026-07-01 09:40:05, MOVE, v:1, k:ed@soma, mode:PICK
2026-07-01 09:41:43, EXEC, v:1, k:ed@soma, mode:FULL, rate:0, size:95
2026-07-01 09:43:54, MOVE, v:1, k:ed@soma, mode:EDIT
2026-07-01 09:45:55, EXEC, v:1, k:ed@soma, mode:FULL, rate:28, size:95
2026-07-01 09:47:47, EXEC, v:1, k:ed@soma, mode:FULL, rate:42, size:95
2026-07-01 09:47:43, MOVE, v:1, k:ed@soma, mode:EDIT
2026-07-01 09:58:40, MOVE, v:1, k:ed@soma, mode:EDIT
2026-07-01 09:59:59, EXEC, v:1, k:ed@soma, mode:FULL, rate:42, size:101
2026-07-01 10:00:15, EXEC, v:1, k:ed@soma, mode:FULL, rate:42, size:101
2026-07-01 10:00:20, EXEC, v:1, k:ed@soma, mode:FULL, rate:42, size:101
2026-07-01 10:00:26, EXEC, v:1, k:ed@soma, mode:FULL, rate:42, size:101
2026-07-01 10:01:39, MOVE, v:1, k:ed@soma, mode:BACK
2026-07-01 10:01:21, MOVE, v:1, k:ed@soma, mode:EDIT
2026-07-01 10:29:19, MOVE, v:1, k:ed@soma, mode:PICK
2026-07-01 10:33:56, MOVE, v:1, k:ed@soma, mode:EDIT
2026-07-01 10:35:03, EXEC, v:1, k:ed@soma, mode:FULL, rate:42, size:96
2026-07-01 10:35:18, EXEC, v:1, k:ed@soma, mode:FULL, rate:42, size:97
2026-07-01 10:35:33, EXEC, v:1, k:ed@soma, mode:FULL, rate:42, size:96
2026-07-01 10:36:00, EXEC, v:1, k:ed@soma, mode:FULL, rate:42, size:95
2026-07-01 10:36:38, MOVE, v:1, k:ed@soma, mode:PICK
2026-07-01 10:36:39, EXEC, v:1, k:ed@soma, mode:FULL, rate:42, size:97
2026-07-01 10:36:58, EXEC, v:1, k:ed@soma, mode:FULL, rate:42, size:97
2026-07-01 10:37:05, EXEC, v:1, k:ed@soma, mode:FULL, size:97, fail:COMP
2026-07-01 10:37:15, EXEC, v:1, k:ed@soma, mode:FULL, rate:0, size:97
2026-07-01 10:40:55, MOVE, v:1, k:ed@soma, mode:EDIT
2026-07-01 10:44:16, EXEC, v:1, k:ed@soma, mode:FULL, rate:0, size:96
2026-07-01 10:45:17, MOVE, v:1, k:ed@soma, mode:BACK
2026-07-01 10:45:19, MOVE, v:1, k:ed@clonar, mode:PICK
2026-07-01 10:46:16, MOVE, v:1, k:ed@soma, mode:EDIT
2026-07-01 10:48:15, EXEC, v:1, k:ed@clonar, mode:FULL, rate:100
2026-07-01 10:48:22, MOVE, v:1, k:ed@clonar, mode:BACK
2026-07-01 10:48:40, SELF, v:1, k:ed@soma, self:1, study:110
2026-07-01 10:48:50, SELF, v:1, k:ed@soma, self:1, study:110
2026-07-01 10:48:53, MOVE, v:1, k:ed@soma, mode:PICK
2026-07-01 10:48:54, EXEC, v:1, k:ed@soma, mode:FULL, rate:42, size:114
2026-07-01 10:48:55, MOVE, v:1, k:ed@soma, mode:BACK
2026-07-01 10:48:57, MOVE, v:1, k:ed@soma, mode:PICK
2026-07-01 10:49:02, EXEC, v:1, k:ed@soma, mode:FULL, rate:42
2026-07-01 10:50:59, EXEC, v:1, k:ed@soma, mode:FULL, rate:85, size:114
2026-07-01 10:52:07, EXEC, v:1, k:ed@soma, mode:FULL, rate:14, size:114
2026-07-01 10:52:14, MOVE, v:1, k:ed@soma, mode:BACK
2026-07-01 10:52:20, SELF, v:1, k:ed@soma, self:1, rate:14, study:110
2026-07-01 10:52:26, MOVE, v:1, k:ed@soma, mode:PICK
2026-07-01 10:52:27, EXEC, v:1, k:ed@soma, mode:FULL, rate:85, size:114
2026-07-01 10:52:29, MOVE, v:1, k:ed@soma, mode:BACK
2026-07-01 10:52:13, MOVE, v:1, k:ed@soma, mode:EDIT
2026-07-01 11:16:43, MOVE, v:1, k:ed@altura, mode:PICK
2026-07-01 11:16:51, EXEC, v:1, k:ed@altura, mode:FULL, rate:0
2026-07-01 11:17:49, EXEC, v:1, k:ed@altura, mode:FULL, rate:0, size:108
2026-07-01 11:21:16, MOVE, v:1, k:ed@altura, mode:EDIT
2026-07-01 11:25:48, MOVE, v:1, k:ed@altura, mode:EDIT
2026-07-01 11:28:00, MOVE, v:1, k:ed@altura, mode:BACK
2026-07-01 12:44:16, MOVE, v:1, k:ed@altura, mode:PICK
2026-07-01 12:46:03, EXEC, v:1, k:ed@altura, mode:FULL, rate:0, size:115
2026-07-01 12:49:07, MOVE, v:1, k:ed@altura, mode:BACK
2026-07-01 12:52:52, MOVE, v:1, k:ed@altura, mode:PICK
2026-07-01 12:53:18, MOVE, v:1, k:ed@altura, mode:BACK
2026-07-01 12:53:16, MOVE, v:1, k:ed@altura, mode:EDIT
2026-07-01 12:53:56, MOVE, v:1, k:ed@altura, mode:PICK
2026-07-01 12:55:03, MOVE, v:1, k:ed@altura, mode:BACK
2026-07-01 12:54:55, MOVE, v:1, k:ed@altura, mode:EDIT
2026-07-01 13:09:26, MOVE, v:1, k:ed@altura, mode:PICK
2026-07-01 13:09:28, EXEC, v:1, k:ed@altura, mode:FULL, size:119, fail:COMP
2026-07-01 13:20:13, MOVE, v:1, k:ed@altura, mode:BACK
2026-07-01 13:20:15, MOVE, v:1, k:ed@altura, mode:PICK
2026-07-01 13:20:35, MOVE, v:1, k:ed@altura, mode:BACK
2026-07-01 13:23:12, MOVE, v:1, k:ed@altura, mode:PICK
2026-07-01 13:22:38, MOVE, v:1, k:ed@altura, mode:EDIT
2026-07-01 13:25:35, EXEC, v:1, k:ed@altura, mode:FULL, rate:0, size:122
2026-07-01 13:26:58, EXEC, v:1, k:ed@altura, mode:FULL, rate:0, size:124
2026-07-01 13:26:54, MOVE, v:1, k:ed@altura, mode:EDIT
2026-07-01 13:30:44, EXEC, v:1, k:ed@altura, mode:FULL, rate:0, size:124
2026-07-01 13:32:55, MOVE, v:1, k:ed@altura, mode:BACK
2026-07-01 13:30:43, MOVE, v:1, k:ed@altura, mode:EDIT
2026-07-01 13:56:06, SELF, v:1, k:ed@soma, self:1, rate:85, study:110
2026-07-01 13:57:00, MOVE, v:1, k:ed@altura, mode:PICK
2026-07-01 14:01:54, EXEC, v:1, k:ed@altura, mode:FULL, rate:0
2026-07-01 14:02:11, EXEC, v:1, k:ed@altura, mode:FULL, rate:0, size:124
2026-07-01 14:02:10, MOVE, v:1, k:ed@altura, mode:EDIT
2026-07-01 14:06:02, EXEC, v:1, k:ed@altura, mode:FULL, rate:0, size:125
2026-07-01 14:06:01, MOVE, v:1, k:ed@altura, mode:EDIT
2026-07-01 14:11:13, MOVE, v:1, k:ed@altura, mode:BACK
2026-07-01 14:12:46, MOVE, v:1, k:ed@altura, mode:PICK
2026-07-01 14:12:55, EXEC, v:1, k:ed@altura, mode:FULL, rate:0
2026-07-01 14:16:35, EXEC, v:1, k:ed@altura, mode:FULL, rate:0, size:124
2026-07-01 14:16:32, MOVE, v:1, k:ed@altura, mode:EDIT
2026-07-01 14:21:19, MOVE, v:1, k:ed@altura, mode:EDIT
2026-07-01 14:25:50, EXEC, v:1, k:ed@altura, mode:FULL, rate:0, size:127
2026-07-01 14:35:14, EXEC, v:1, k:ed@altura, mode:FULL, rate:0, size:128
2026-07-01 14:35:39, EXEC, v:1, k:ed@altura, mode:FULL, rate:0, size:128
2026-07-01 14:35:53, EXEC, v:1, k:ed@altura, mode:FULL, rate:0, size:128
2026-07-01 14:37:27, EXEC, v:1, k:ed@altura, mode:FULL, rate:0, size:129
2026-07-01 14:37:26, MOVE, v:1, k:ed@altura, mode:EDIT
2026-07-01 14:38:19, EXEC, v:1, k:ed@altura, mode:FULL, rate:0, size:131
2026-07-01 14:38:46, EXEC, v:1, k:ed@altura, mode:FULL, rate:0, size:129
2026-07-01 14:39:22, EXEC, v:1, k:ed@altura, mode:FULL, rate:0, size:130
2026-07-01 14:41:59, MOVE, v:1, k:ed@altura, mode:BACK
2026-07-01 14:39:18, MOVE, v:1, k:ed@altura, mode:EDIT
2026-07-01 16:38:46, MOVE, v:1, k:ed@altura, mode:PICK
2026-07-01 16:38:59, EXEC, v:1, k:ed@altura, mode:FULL, rate:0
2026-07-01 16:39:16, MOVE, v:1, k:ed@altura, mode:BACK
2026-07-01 16:39:59, MOVE, v:1, k:ed@altura, mode:PICK
2026-07-01 16:40:11, EXEC, v:1, k:ed@altura, mode:FULL, rate:0, size:130
2026-07-01 16:40:27, MOVE, v:1, k:ed@altura, mode:BACK
2026-07-01 16:40:10, MOVE, v:1, k:ed@altura, mode:EDIT
2026-07-01 16:50:41, MOVE, v:1, k:ed@altura, mode:PICK
2026-07-01 16:53:13, MOVE, v:1, k:ed@altura, mode:EDIT
2026-07-01 16:53:46, EXEC, v:1, k:ed@altura, mode:FULL, rate:0, size:133
2026-07-01 16:57:17, EXEC, v:1, k:ed@altura, mode:FULL, rate:0, size:133
2026-07-01 16:58:16, EXEC, v:1, k:ed@altura, mode:FULL, rate:0, size:130
2026-07-01 16:58:15, MOVE, v:1, k:ed@altura, mode:EDIT
2026-07-01 16:59:11, MOVE, v:1, k:ed@altura, mode:BACK
2026-07-01 17:01:04, MOVE, v:1, k:ed@altura, mode:PICK
2026-07-01 17:01:20, EXEC, v:1, k:ed@altura, mode:FULL, rate:0
2026-07-01 17:05:12, MOVE, v:1, k:ed@altura, mode:BACK
2026-07-01 17:05:21, MOVE, v:1, k:ed@compare, mode:PICK
2026-07-01 17:05:31, EXEC, v:1, k:ed@compare, mode:FULL, rate:25
2026-07-01 17:05:39, MOVE, v:1, k:ed@compare, mode:BACK
2026-07-01 17:06:35, MOVE, v:1, k:ed@altura, mode:PICK
2026-07-01 17:06:50, MOVE, v:1, k:ed@altura, mode:BACK
2026-07-01 17:06:52, MOVE, v:1, k:ed@altura, mode:PICK
2026-07-01 17:07:13, EXEC, v:1, k:ed@altura, mode:FULL, rate:0
2026-07-01 17:09:03, MOVE, v:1, k:ed@altura, mode:EDIT
2026-07-01 17:18:18, MOVE, v:1, k:ed@altura, mode:EDIT
2026-07-01 17:21:45, EXEC, v:1, k:ed@altura, mode:FULL, rate:0, size:129
2026-07-01 17:22:14, MOVE, v:1, k:ed@altura, mode:BACK
2026-07-01 18:39:11, MOVE, v:1, k:ed@arvore-path, mode:PICK
2026-07-01 18:39:56, EXEC, v:1, k:ed@arvore-path, mode:FULL, fail:COMP
2026-07-01 18:40:02, MOVE, v:1, k:ed@arvore-path, mode:BACK
2026-07-01 18:40:48, MOVE, v:1, k:ed@altura, mode:PICK
2026-07-01 18:42:23, EXEC, v:1, k:ed@altura, mode:FULL, rate:0, size:131
2026-07-01 18:42:45, EXEC, v:1, k:ed@altura, mode:FULL, rate:0, size:131
2026-07-01 18:43:06, MOVE, v:1, k:ed@altura, mode:EDIT
2026-07-01 18:43:14, EXEC, v:1, k:ed@altura, mode:FULL, rate:0, size:132
2026-07-01 18:44:36, EXEC, v:1, k:ed@altura, mode:FULL, rate:0, size:129
2026-07-01 18:45:56, EXEC, v:1, k:ed@altura, mode:FULL, rate:0, size:126
2026-07-01 18:47:55, EXEC, v:1, k:ed@altura, mode:FULL, rate:0, size:128
2026-07-01 18:47:04, MOVE, v:1, k:ed@altura, mode:EDIT
2026-07-01 18:48:20, EXEC, v:1, k:ed@altura, mode:FULL, rate:0, size:128
2026-07-01 18:48:42, EXEC, v:1, k:ed@altura, mode:FULL, rate:0, size:126
2026-07-01 18:50:28, MOVE, v:1, k:ed@altura, mode:BACK
2026-07-01 18:51:09, MOVE, v:1, k:ed@altura, mode:PICK
2026-07-01 18:52:01, MOVE, v:1, k:ed@altura, mode:EDIT
2026-07-01 19:00:56, EXEC, v:1, k:ed@altura, mode:FULL, rate:100, size:131
2026-07-01 19:14:43, MOVE, v:1, k:ed@altura, mode:BACK
2026-07-01 19:14:53, SELF, v:1, k:ed@altura, self:1, rate:100, study:120, code:1
2026-07-01 19:15:18, MOVE, v:1, k:ed@compare, mode:PICK
2026-07-01 19:17:47, EXEC, v:1, k:ed@compare, mode:FULL, rate:25, size:83
2026-07-01 19:17:01, MOVE, v:1, k:ed@compare, mode:EDIT
2026-07-01 19:23:30, MOVE, v:1, k:ed@compare, mode:BACK
2026-07-01 19:26:23, MOVE, v:1, k:ed@especiais, mode:DOWN
2026-07-01 19:26:26, MOVE, v:1, k:ed@especiais, mode:PICK
2026-07-01 19:26:35, EXEC, v:1, k:ed@especiais, mode:FULL, rate:0, size:132
2026-07-01 19:28:17, MOVE, v:1, k:ed@especiais, mode:BACK
2026-07-01 19:29:20, MOVE, v:1, k:ed@caminho, mode:DOWN
2026-07-01 19:29:21, MOVE, v:1, k:ed@caminho, mode:PICK
2026-07-01 19:29:27, EXEC, v:1, k:ed@caminho, mode:FULL, size:111, fail:COMP
2026-07-01 19:29:45, EXEC, v:1, k:ed@caminho, mode:FULL, fail:COMP
2026-07-01 19:29:46, MOVE, v:1, k:ed@caminho, mode:BACK
2026-07-01 19:29:48, MOVE, v:1, k:ed@caminho, mode:PICK
2026-07-01 19:29:50, EXEC, v:1, k:ed@caminho, mode:FULL, fail:COMP
2026-07-01 19:30:03, EXEC, v:1, k:ed@caminho, mode:FULL, rate:0, size:113
2026-07-01 19:30:16, MOVE, v:1, k:ed@caminho, mode:BACK
2026-07-01 19:26:23, MOVE, v:1, k:ed@especiais, mode:EDIT
2026-07-01 19:26:23, MOVE, v:1, k:ed@especiais, mode:EDIT
2026-07-01 19:29:20, MOVE, v:1, k:ed@caminho, mode:EDIT
2026-07-01 19:29:20, MOVE, v:1, k:ed@caminho, mode:EDIT
2026-07-01 19:30:02, MOVE, v:1, k:ed@caminho, mode:EDIT
