2026-05-20 07:40:28, MOVE, v:1, k:ed@queimada, mode:PICK
2026-05-20 07:40:32, EXEC, v:1, k:ed@queimada, mode:FULL, size:41, fail:COMP
2026-05-20 07:47:23, EXEC, v:1, k:ed@queimada, mode:FULL, rate:100, size:51
2026-05-20 07:49:09, MOVE, v:1, k:ed@queimada, mode:BACK
2026-05-20 07:47:20, MOVE, v:1, k:ed@queimada, mode:EDIT
2026-05-20 07:49:58, MOVE, v:1, k:ed@queimada, mode:PICK
2026-05-20 07:52:37, MOVE, v:1, k:ed@queimada, mode:BACK
2026-05-20 07:52:48, MOVE, v:1, k:ed@queimada, mode:PICK
2026-05-20 07:53:07, MOVE, v:1, k:ed@queimada, mode:BACK
2026-05-20 08:14:28, SELF, v:1, k:ed@queimada, self:1, rate:100, study:35, guided:1
2026-05-20 08:30:48, MOVE, v:1, k:ed@gomos, mode:PICK
2026-05-20 08:35:51, EXEC, v:1, k:ed@gomos, mode:FULL, rate:0, size:22
2026-05-20 08:37:25, MOVE, v:1, k:ed@gomos, mode:EDIT
2026-05-20 08:44:52, MOVE, v:1, k:ed@gomos, mode:BACK
2026-05-20 10:04:45, MOVE, v:1, k:ed@gomos, mode:PICK
2026-05-20 10:04:48, EXEC, v:1, k:ed@gomos, mode:FULL, rate:0, size:38
2026-05-20 10:05:02, EXEC, v:1, k:ed@gomos, mode:FULL, rate:0
2026-05-20 10:05:17, EXEC, v:1, k:ed@gomos, mode:FULL, rate:0, size:38
2026-05-20 10:06:34, MOVE, v:1, k:ed@gomos, mode:EDIT
2026-05-20 10:12:39, EXEC, v:1, k:ed@gomos, mode:FULL, rate:0, size:37
2026-05-20 10:13:31, EXEC, v:1, k:ed@gomos, mode:FULL, rate:0
2026-05-20 10:10:45, MOVE, v:1, k:ed@gomos, mode:EDIT
2026-05-20 10:15:18, EXEC, v:1, k:ed@gomos, mode:FULL, rate:100, size:36
2026-05-20 10:15:22, MOVE, v:1, k:ed@gomos, mode:BACK
2026-05-20 10:15:44, SELF, v:1, k:ed@gomos, self:1, rate:100, study:20, guided:1
