2026-04-07 15:04:57, MOVE, v:1, k:ed@princesa, mode:PICK
2026-04-07 15:47:34, EXEC, v:1, k:ed@princesa, mode:FULL, size:45, fail:COMP
2026-04-07 15:47:56, MOVE, v:1, k:ed@princesa, mode:PICK
2026-04-07 15:48:14, EXEC, v:1, k:ed@princesa, mode:FULL, fail:COMP
2026-04-07 15:49:03, EXEC, v:1, k:ed@princesa, mode:FULL, rate:0, size:45
2026-04-07 15:51:35, EXEC, v:1, k:ed@princesa, mode:FULL, rate:0, size:45
2026-04-07 16:12:03, EXEC, v:1, k:ed@princesa, mode:FULL, rate:100, size:45
2026-04-07 16:12:07, MOVE, v:1, k:ed@princesa, mode:BACK
2026-04-07 16:13:01, SELF, v:1, k:ed@princesa, self:1, rate:100, study:120, concept:1, problem:1, code:1, debug:1
2026-04-07 18:48:06, MOVE, v:1, k:ed@fractais_png, mode:PICK
2026-04-07 18:48:21, EXEC, v:1, k:ed@fractais_png, mode:FULL, size:136, fail:COMP
2026-04-07 18:49:14, MOVE, v:1, k:ed@fractais_png, mode:BACK
2026-04-07 19:17:39, EXEC, v:1, k:fractais_png@go, mode:FREE, size:136
2026-04-07 19:18:38, EXEC, v:1, k:fractais_png@go, mode:FREE
2026-04-07 19:20:46, EXEC, v:1, k:fractais_png@go, mode:FREE
2026-04-07 19:24:23, EXEC, v:1, k:fractais_png@go, mode:FREE, size:138
2026-04-07 19:28:47, MOVE, v:1, k:ed@fractais_png, mode:DOWN
2026-04-07 19:28:49, MOVE, v:1, k:ed@fractais_png, mode:PICK
2026-04-07 19:29:06, MOVE, v:1, k:ed@fractais_png, mode:BACK
2026-04-07 19:30:41, EXEC, v:1, k:src@go, mode:FREE, size:136
2026-04-07 19:31:08, EXEC, v:1, k:src@go, mode:FREE, size:136
2026-04-07 19:38:47, EXEC, v:1, k:src@go, mode:FREE, size:136
2026-04-07 19:40:08, EXEC, v:1, k:src@go, mode:FREE, size:136
2026-04-07 19:40:32, EXEC, v:1, k:src@go, mode:FREE, size:136
2026-04-07 19:40:53, EXEC, v:1, k:src@go, mode:FREE
2026-04-07 19:41:04, EXEC, v:1, k:src@go, mode:FREE, size:136
2026-04-07 19:41:16, EXEC, v:1, k:src@go, mode:FREE, size:136
2026-04-07 19:41:27, EXEC, v:1, k:src@go, mode:FREE
2026-04-07 19:41:58, EXEC, v:1, k:src@go, mode:FREE, size:136
2026-04-07 19:42:33, EXEC, v:1, k:src@go, mode:FREE, size:136
2026-04-07 19:42:58, EXEC, v:1, k:src@go, mode:FREE, size:136
2026-04-07 19:43:35, EXEC, v:1, k:src@go, mode:FREE, size:136
2026-04-07 19:43:49, EXEC, v:1, k:src@go, mode:FREE
2026-04-07 19:44:04, EXEC, v:1, k:src@go, mode:FREE, size:136
2026-04-07 19:44:41, EXEC, v:1, k:src@go, mode:FREE, size:136
2026-04-07 19:44:56, EXEC, v:1, k:src@go, mode:FREE, size:136
2026-04-07 19:45:27, EXEC, v:1, k:src@go, mode:FREE, size:136
2026-04-07 19:45:43, EXEC, v:1, k:src@go, mode:FREE, size:136
