2026-05-22 09:43:45, MOVE, v:1, k:ed@vetbuild, mode:PICK
2026-05-22 09:47:06, MOVE, v:1, k:ed@vetbuild, mode:BACK
2026-05-22 09:47:24, MOVE, v:1, k:ed@pilhado, mode:DOWN
2026-05-22 09:47:25, MOVE, v:1, k:ed@pilhado, mode:PICK
2026-05-22 09:47:24, MOVE, v:1, k:ed@pilhado, mode:EDIT
2026-05-22 09:47:24, MOVE, v:1, k:ed@pilhado, mode:EDIT
2026-05-22 09:47:24, MOVE, v:1, k:ed@pilhado, mode:EDIT
2026-05-22 09:47:24, MOVE, v:1, k:ed@pilhado, mode:EDIT
2026-05-22 10:07:49, EXEC, v:1, k:ed@pilhado, mode:FULL, size:41, fail:COMP
2026-05-22 10:07:55, MOVE, v:1, k:ed@pilhado, mode:BACK
2026-05-22 10:08:06, MOVE, v:1, k:ed@pilhado, mode:PICK
2026-05-22 10:08:33, MOVE, v:1, k:ed@pilhado, mode:BACK
2026-05-22 10:08:46, MOVE, v:1, k:ed@labirinto, mode:PICK
2026-05-22 10:24:46, EXEC, v:1, k:ed@labirinto, mode:FULL, size:79, fail:COMP
2026-05-22 10:24:44, MOVE, v:1, k:ed@labirinto, mode:EDIT
2026-05-22 11:27:21, EXEC, v:1, k:ed@labirinto, mode:FULL, rate:0, size:80
2026-05-22 11:27:20, MOVE, v:1, k:ed@labirinto, mode:EDIT
2026-05-22 11:28:21, EXEC, v:1, k:ed@labirinto, mode:FULL, rate:100, size:82
2026-05-22 11:28:26, MOVE, v:1, k:ed@labirinto, mode:BACK
2026-05-22 11:28:49, SELF, v:1, k:ed@labirinto, self:1, rate:100, study:15, guided:1
