2026-06-13 07:50:06, MOVE, v:1, k:ed@bufferring, mode:PICK
2026-06-13 07:55:10, EXEC, v:1, k:ed@bufferring, mode:FULL, rate:16, size:129
2026-06-13 07:56:16, EXEC, v:1, k:ed@bufferring, mode:FULL, rate:16
2026-06-13 07:58:36, EXEC, v:1, k:ed@bufferring, mode:FULL, size:133, fail:COMP
2026-06-13 07:59:13, EXEC, v:1, k:ed@bufferring, mode:FULL, fail:COMP
2026-06-13 07:58:35, MOVE, v:1, k:ed@bufferring, mode:EDIT
2026-06-13 08:00:13, EXEC, v:1, k:ed@bufferring, mode:FULL, rate:16, size:134
2026-06-13 08:00:57, EXEC, v:1, k:ed@bufferring, mode:FULL, rate:16, size:135
2026-06-13 08:04:42, MOVE, v:1, k:ed@bufferring, mode:BACK
2026-06-13 08:00:55, MOVE, v:1, k:ed@bufferring, mode:EDIT
2026-06-13 08:41:31, MOVE, v:1, k:ed@bufferring, mode:PICK
2026-06-13 08:41:39, EXEC, v:1, k:ed@bufferring, mode:FULL, rate:16
2026-06-13 10:02:44, MOVE, v:1, k:ed@bufferring, mode:BACK
2026-06-13 10:14:50, SELF, v:1, k:ed@editorint, self:1, guided:1
2026-06-13 10:14:56, SELF, v:1, k:ed@editorint, self:1, rate:100, guided:1
2026-06-13 10:15:43, MOVE, v:1, k:ed@bufferring, mode:PICK
2026-06-13 10:23:26, EXEC, v:1, k:ed@bufferring, mode:FULL, rate:16, size:141
2026-06-13 10:25:00, MOVE, v:1, k:ed@bufferring, mode:EDIT
2026-06-13 10:27:20, EXEC, v:1, k:ed@bufferring, mode:FULL, rate:16, size:140
2026-06-13 10:27:15, MOVE, v:1, k:ed@bufferring, mode:EDIT
2026-06-13 10:31:44, EXEC, v:1, k:ed@bufferring, mode:FULL, rate:0, size:144
2026-06-13 10:33:23, EXEC, v:1, k:ed@bufferring, mode:FULL, rate:0, size:144
2026-06-13 10:33:21, MOVE, v:1, k:ed@bufferring, mode:EDIT
2026-06-13 10:37:50, MOVE, v:1, k:ed@bufferring, mode:BACK
2026-06-13 10:38:48, MOVE, v:1, k:ed@bufferring, mode:PICK
2026-06-13 10:38:49, EXEC, v:1, k:ed@bufferring, mode:FULL, rate:0, size:139
2026-06-13 10:40:35, MOVE, v:1, k:ed@bufferring, mode:EDIT
2026-06-13 10:44:44, MOVE, v:1, k:ed@bufferring, mode:EDIT
2026-06-13 10:48:35, EXEC, v:1, k:ed@bufferring, mode:FULL, rate:16, size:144
2026-06-13 10:49:30, EXEC, v:1, k:ed@bufferring, mode:FULL, rate:16, size:145
2026-06-13 10:49:55, EXEC, v:1, k:ed@bufferring, mode:FULL, rate:16, size:145
2026-06-13 10:50:11, EXEC, v:1, k:ed@bufferring, mode:FULL, rate:16, size:145
2026-06-13 10:50:23, MOVE, v:1, k:ed@bufferring, mode:BACK
2026-06-13 10:50:09, MOVE, v:1, k:ed@bufferring, mode:EDIT
2026-06-13 11:03:07, MOVE, v:1, k:ed@bufferring, mode:PICK
2026-06-13 11:05:39, EXEC, v:1, k:ed@bufferring, mode:FULL, rate:16
2026-06-13 11:07:02, EXEC, v:1, k:ed@bufferring, mode:FULL, rate:16
2026-06-13 11:13:23, EXEC, v:1, k:ed@bufferring, mode:FULL, rate:16
2026-06-13 11:33:44, EXEC, v:1, k:ed@bufferring, mode:FULL, rate:16
2026-06-13 11:37:45, EXEC, v:1, k:ed@bufferring, mode:FULL, rate:16, size:149
2026-06-13 11:38:17, EXEC, v:1, k:ed@bufferring, mode:FULL, rate:16, size:150
2026-06-13 11:39:02, EXEC, v:1, k:ed@bufferring, mode:FULL, rate:16, size:150
2026-06-13 11:39:22, EXEC, v:1, k:ed@bufferring, mode:FULL, rate:16, size:151
2026-06-13 11:41:17, MOVE, v:1, k:ed@bufferring, mode:BACK
2026-06-13 11:39:20, MOVE, v:1, k:ed@bufferring, mode:EDIT
2026-06-13 12:47:00, MOVE, v:1, k:ed@bufferring, mode:PICK
2026-06-13 12:47:18, EXEC, v:1, k:ed@bufferring, mode:FULL, rate:16
2026-06-13 12:50:57, MOVE, v:1, k:ed@bufferring, mode:EDIT
2026-06-13 13:54:37, MOVE, v:1, k:ed@bufferring, mode:BACK
2026-06-13 13:55:37, MOVE, v:1, k:ed@bufferring, mode:PICK
2026-06-13 13:55:56, EXEC, v:1, k:ed@bufferring, mode:FULL, rate:16
2026-06-13 13:58:51, EXEC, v:1, k:ed@bufferring, mode:FULL, rate:16, size:151
2026-06-13 13:58:50, MOVE, v:1, k:ed@bufferring, mode:EDIT
2026-06-13 13:59:54, EXEC, v:1, k:ed@bufferring, mode:FULL, rate:16, size:151
2026-06-13 14:00:10, EXEC, v:1, k:ed@bufferring, mode:FULL, rate:16, size:151
2026-06-13 14:00:51, EXEC, v:1, k:ed@bufferring, mode:FULL, rate:16, size:150
2026-06-13 14:00:52, MOVE, v:1, k:ed@bufferring, mode:EDIT
2026-06-13 14:13:37, EXEC, v:1, k:ed@bufferring, mode:FULL, rate:16, size:152
2026-06-13 14:13:34, MOVE, v:1, k:ed@bufferring, mode:EDIT
2026-06-13 14:18:16, EXEC, v:1, k:ed@bufferring, mode:FULL, rate:16, size:152
2026-06-13 14:18:42, EXEC, v:1, k:ed@bufferring, mode:FULL, rate:16
2026-06-13 14:16:59, MOVE, v:1, k:ed@bufferring, mode:EDIT
2026-06-13 14:18:23, MOVE, v:1, k:ed@bufferring, mode:EDIT
2026-06-13 14:21:43, EXEC, v:1, k:ed@bufferring, mode:FULL, rate:16
2026-06-13 14:22:23, EXEC, v:1, k:ed@bufferring, mode:FULL, rate:16
2026-06-13 14:24:09, EXEC, v:1, k:ed@bufferring, mode:FULL, rate:16, size:151
2026-06-13 14:24:26, EXEC, v:1, k:ed@bufferring, mode:FULL, rate:16, size:152
2026-06-13 14:24:38, MOVE, v:1, k:ed@bufferring, mode:BACK
