2026-05-24 07:41:17, MOVE, v:1, k:ed@fractais_png, mode:PICK
2026-05-24 07:45:40, MOVE, v:1, k:ed@fractais_png, mode:EDIT
2026-05-24 07:47:50, EXEC, v:1, k:ed@fractais_png, mode:FREE
2026-05-24 07:48:49, EXEC, v:1, k:ed@fractais_png, mode:FREE
2026-05-24 07:49:18, EXEC, v:1, k:ed@fractais_png, mode:FREE
2026-05-24 07:50:08, EXEC, v:1, k:ed@fractais_png, mode:FREE
2026-05-24 07:50:31, EXEC, v:1, k:ed@fractais_png, mode:FREE
2026-05-24 07:50:20, MOVE, v:1, k:ed@fractais_png, mode:EDIT
2026-05-24 07:49:08, MOVE, v:1, k:ed@fractais_png, mode:EDIT
2026-05-24 07:49:08, MOVE, v:1, k:ed@fractais_png, mode:EDIT
2026-05-24 07:50:32, MOVE, v:1, k:ed@fractais_png, mode:EDIT
2026-05-24 08:03:36, MOVE, v:1, k:ed@fractais_png, mode:BACK
2026-05-24 10:28:07, MOVE, v:1, k:ed@fractais_png, mode:PICK
2026-05-24 10:31:06, MOVE, v:1, k:ed@fractais_png, mode:EDIT
2026-05-24 10:33:54, MOVE, v:1, k:ed@fractais_png, mode:EDIT
2026-05-24 10:33:58, MOVE, v:1, k:ed@fractais_png, mode:EDIT
2026-05-24 10:40:28, MOVE, v:1, k:ed@fractais_png, mode:EDIT
2026-05-24 10:40:34, MOVE, v:1, k:ed@fractais_png, mode:EDIT
2026-05-24 10:44:37, MOVE, v:1, k:ed@fractais_png, mode:EDIT
2026-05-24 10:44:41, MOVE, v:1, k:ed@fractais_png, mode:EDIT
2026-05-24 10:50:08, MOVE, v:1, k:ed@fractais_png, mode:EDIT
2026-05-24 10:50:12, MOVE, v:1, k:ed@fractais_png, mode:EDIT
2026-05-24 10:58:41, MOVE, v:1, k:ed@fractais_png, mode:BACK
2026-05-24 11:04:51, SELF, v:1, k:ed@fractais_png, self:1, rate:10, friend:jose luis, guided:1, concept:1
2026-05-24 11:05:00, SELF, v:1, k:ed@fractais_png, self:1, rate:100, friend:jose luis, guided:1, concept:1
2026-05-24 11:05:12, SELF, v:1, k:ed@fractais_png, self:1, rate:90, friend:jose luis, guided:1, concept:1
2026-05-24 11:05:19, SELF, v:1, k:ed@fractais_png, self:1, rate:70, friend:jose luis, guided:1, concept:1
2026-05-24 11:05:23, SELF, v:1, k:ed@fractais_png, self:1, rate:80, friend:jose luis, guided:1, concept:1
2026-05-24 11:05:31, SELF, v:1, k:ed@fractais_png, self:1, friend:jose luis, guided:1, concept:1
2026-05-24 11:06:49, SELF, v:1, k:ed@fractais_png, self:1, rate:80, friend:jose luis, guided:1, concept:1
2026-05-24 11:06:49, MOVE, v:1, k:ed@fractais_png, mode:PICK
2026-05-24 11:06:51, MOVE, v:1, k:ed@fractais_png, mode:BACK
2026-05-24 11:07:00, SELF, v:1, k:ed@fractais_png, self:1, rate:100, friend:jose luis, guided:1, concept:1
2026-05-24 11:07:37, SELF, v:1, k:ed@fractais_png, self:1, friend:jose luis, guided:1, concept:1
2026-05-24 11:10:52, SELF, v:1, k:ed@eh_primo, self:1
2026-05-24 11:11:03, SELF, v:1, k:ed@eh_primo, self:1
2026-05-24 13:47:57, SELF, v:1, k:ed@vetequals, self:1, rate:60, study:10
2026-05-24 13:50:03, MOVE, v:1, k:ed@fractais_png, mode:PICK
2026-05-24 14:13:53, EXEC, v:1, k:ed@fractais_png, mode:LOCK, rate:0, size:130
2026-05-24 14:16:56, MOVE, v:1, k:ed@fractais_png, mode:EDIT
2026-05-24 14:15:53, MOVE, v:1, k:ed@fractais_png, mode:EDIT
2026-05-24 14:22:26, MOVE, v:1, k:ed@fractais_png, mode:EDIT
2026-05-24 14:22:18, MOVE, v:1, k:ed@fractais_png, mode:EDIT
2026-05-24 14:25:04, MOVE, v:1, k:ed@fractais_png, mode:EDIT
2026-05-24 14:25:10, MOVE, v:1, k:ed@fractais_png, mode:EDIT
2026-05-24 14:30:44, MOVE, v:1, k:ed@fractais_png, mode:EDIT
2026-05-24 14:31:27, MOVE, v:1, k:ed@fractais_png, mode:EDIT
2026-05-24 16:11:36, MOVE, v:1, k:ed@fractais_png, mode:EDIT
2026-05-24 16:11:29, MOVE, v:1, k:ed@fractais_png, mode:EDIT
2026-05-24 16:16:50, MOVE, v:1, k:ed@fractais_png, mode:EDIT
2026-05-24 16:16:31, MOVE, v:1, k:ed@fractais_png, mode:EDIT
2026-05-24 16:21:30, MOVE, v:1, k:ed@fractais_png, mode:EDIT
2026-05-24 16:21:19, MOVE, v:1, k:ed@fractais_png, mode:EDIT
2026-05-24 16:25:55, MOVE, v:1, k:ed@fractais_png, mode:EDIT
2026-05-24 16:25:43, MOVE, v:1, k:ed@fractais_png, mode:EDIT
2026-05-24 16:25:59, MOVE, v:1, k:ed@fractais_png, mode:EDIT
2026-05-24 16:29:52, MOVE, v:1, k:ed@fractais_png, mode:EDIT
2026-05-24 16:35:54, MOVE, v:1, k:ed@fractais_png, mode:EDIT
2026-05-24 16:35:58, MOVE, v:1, k:ed@fractais_png, mode:EDIT
2026-05-24 16:41:12, MOVE, v:1, k:ed@fractais_png, mode:BACK
2026-05-24 16:40:28, MOVE, v:1, k:ed@fractais_png, mode:EDIT
2026-05-24 16:40:31, MOVE, v:1, k:ed@fractais_png, mode:EDIT
