2026-05-19 08:55:25, MOVE, v:1, k:ed@treinando, mode:PICK
2026-05-19 09:00:02, MOVE, v:1, k:ed@treinando, mode:EDIT
2026-05-19 09:03:05, MOVE, v:1, k:ed@treinando, mode:EDIT
2026-05-19 09:08:58, MOVE, v:1, k:ed@treinando, mode:EDIT
2026-05-19 09:11:24, EXEC, v:1, k:ed@treinando, mode:FULL, rate:33, size:104
2026-05-19 09:14:26, EXEC, v:1, k:ed@treinando, mode:FULL, rate:33, size:103
2026-05-19 09:14:13, MOVE, v:1, k:ed@treinando, mode:EDIT
2026-05-19 09:16:25, EXEC, v:1, k:ed@treinando, mode:FULL, rate:33, size:103
2026-05-19 09:17:59, EXEC, v:1, k:ed@treinando, mode:FULL, rate:33, size:102
2026-05-19 09:19:09, EXEC, v:1, k:ed@treinando, mode:FULL, rate:50, size:102
2026-05-19 09:19:06, MOVE, v:1, k:ed@treinando, mode:EDIT
2026-05-19 09:22:35, MOVE, v:1, k:ed@treinando, mode:BACK
2026-05-19 10:25:21, MOVE, v:1, k:ed@treinando, mode:PICK
2026-05-19 10:28:57, EXEC, v:1, k:ed@treinando, mode:FULL, rate:66, size:104
2026-05-19 10:28:18, MOVE, v:1, k:ed@treinando, mode:EDIT
2026-05-19 10:29:46, EXEC, v:1, k:ed@treinando, mode:FULL, rate:66, size:106
2026-05-19 10:30:01, EXEC, v:1, k:ed@treinando, mode:FULL, rate:66, size:106
2026-05-19 10:30:34, EXEC, v:1, k:ed@treinando, mode:FULL, rate:83, size:106
2026-05-19 10:30:32, MOVE, v:1, k:ed@treinando, mode:EDIT
2026-05-19 10:36:34, MOVE, v:1, k:ed@treinando, mode:BACK
2026-05-19 10:39:37, SELF, v:1, k:ed@treinando, self:1, rate:83, study:240, friend:Jordan, monitor, concept:1, refactor:1
2026-05-19 10:40:17, SELF, v:1, k:ed@treinando, self:1, rate:83, study:240, friend:Jordan, monitor, concept:1, refactor:1
2026-05-19 10:40:17, MOVE, v:1, k:ed@treinando, mode:PICK
2026-05-19 10:40:25, EXEC, v:1, k:ed@treinando, mode:FULL, rate:83
2026-05-19 10:40:19, EXEC, v:1, k:ed@treinando, mode:FULL, rate:83
2026-05-19 10:40:19, EXEC, v:1, k:ed@treinando, mode:FULL, rate:83
2026-05-19 10:40:20, EXEC, v:1, k:ed@treinando, mode:FULL, rate:83
2026-05-19 10:40:20, EXEC, v:1, k:ed@treinando, mode:FULL, rate:83
2026-05-19 10:40:21, MOVE, v:1, k:ed@treinando, mode:BACK
2026-05-19 10:41:20, MOVE, v:1, k:ed@resto, mode:DOWN
2026-05-19 10:41:21, MOVE, v:1, k:ed@resto, mode:PICK
2026-05-19 10:41:22, EXEC, v:1, k:ed@resto, mode:FULL, rate:0, size:5
2026-05-19 10:41:20, MOVE, v:1, k:ed@resto, mode:EDIT
2026-05-19 10:41:20, MOVE, v:1, k:ed@resto, mode:EDIT
2026-05-19 10:41:20, MOVE, v:1, k:ed@resto, mode:EDIT
2026-05-19 10:41:27, MOVE, v:1, k:ed@treinando, mode:EDIT
2026-05-19 10:50:40, MOVE, v:1, k:ed@resto, mode:EDIT
2026-05-19 10:56:04, MOVE, v:1, k:ed@resto, mode:EDIT
2026-05-19 10:56:58, MOVE, v:1, k:ed@resto, mode:EDIT
2026-05-19 11:13:33, EXEC, v:1, k:ed@resto, mode:FULL, rate:0, size:21
2026-05-19 11:16:47, MOVE, v:1, k:ed@resto, mode:EDIT
2026-05-19 11:17:50, MOVE, v:1, k:ed@resto, mode:BACK
2026-05-19 18:51:41, MOVE, v:1, k:ed@resto, mode:PICK
2026-05-19 18:51:56, EXEC, v:1, k:ed@resto, mode:FULL, rate:0, size:22
2026-05-19 18:52:22, MOVE, v:1, k:ed@resto, mode:BACK
2026-05-19 18:52:33, MOVE, v:1, k:ed@vetequals, mode:PICK
2026-05-19 18:53:55, EXEC, v:1, k:ed@vetequals, mode:FULL, rate:70
2026-05-19 18:51:56, MOVE, v:1, k:ed@resto, mode:EDIT
2026-05-19 18:53:55, MOVE, v:1, k:ed@vetequals, mode:EDIT
2026-05-19 18:58:58, EXEC, v:1, k:ed@vetequals, mode:FULL, rate:70, size:56
2026-05-19 18:58:13, MOVE, v:1, k:ed@vetequals, mode:EDIT
2026-05-19 18:58:57, MOVE, v:1, k:ed@vetequals, mode:EDIT
2026-05-19 19:01:20, EXEC, v:1, k:ed@vetequals, mode:FULL, rate:70, size:58
2026-05-19 19:03:34, EXEC, v:1, k:ed@vetequals, mode:FULL, rate:60, size:60
2026-05-19 19:03:33, MOVE, v:1, k:ed@vetequals, mode:EDIT
2026-05-19 19:03:34, MOVE, v:1, k:ed@vetequals, mode:EDIT
2026-05-19 19:05:53, EXEC, v:1, k:ed@vetequals, mode:FULL, rate:0, size:60
2026-05-19 19:06:04, EXEC, v:1, k:ed@vetequals, mode:FULL, rate:60, size:60
2026-05-19 19:07:27, MOVE, v:1, k:ed@vetequals, mode:BACK
2026-05-19 19:07:53, SELF, v:1, k:ed@vetequals, self:1, rate:60
2026-05-19 19:06:03, MOVE, v:1, k:ed@vetequals, mode:EDIT
2026-05-19 19:06:04, MOVE, v:1, k:ed@vetequals, mode:EDIT
2026-05-19 19:17:57, MOVE, v:1, k:ed@resto, mode:PICK
2026-05-19 19:18:09, MOVE, v:1, k:ed@resto, mode:BACK
2026-05-19 19:19:36, MOVE, v:1, k:ed@gomos, mode:DOWN
2026-05-19 19:19:38, MOVE, v:1, k:ed@gomos, mode:PICK
2026-05-19 19:20:17, MOVE, v:1, k:ed@gomos, mode:BACK
2026-05-19 19:19:36, MOVE, v:1, k:ed@gomos, mode:EDIT
2026-05-19 19:19:36, MOVE, v:1, k:ed@gomos, mode:EDIT
2026-05-19 19:19:36, MOVE, v:1, k:ed@gomos, mode:EDIT
2026-05-19 19:25:55, MOVE, v:1, k:ed@resto, mode:PICK
2026-05-19 19:26:13, EXEC, v:1, k:ed@resto, mode:FULL, rate:0
2026-05-19 19:27:46, MOVE, v:1, k:ed@resto, mode:BACK
2026-05-19 19:27:55, MOVE, v:1, k:ed@mdc, mode:DOWN
2026-05-19 19:27:57, MOVE, v:1, k:ed@mdc, mode:PICK
2026-05-19 19:28:51, EXEC, v:1, k:ed@mdc, mode:FULL, rate:0, size:15
2026-05-19 19:28:58, MOVE, v:1, k:ed@mdc, mode:BACK
2026-05-19 19:40:57, MOVE, v:1, k:ed@resto, mode:PICK
2026-05-19 19:45:07, MOVE, v:1, k:ed@resto, mode:EDIT
2026-05-19 19:49:17, MOVE, v:1, k:ed@resto, mode:EDIT
2026-05-19 19:50:37, MOVE, v:1, k:ed@resto, mode:EDIT
2026-05-19 19:57:20, EXEC, v:1, k:ed@resto, mode:FULL, rate:100, size:20
2026-05-19 19:57:25, MOVE, v:1, k:ed@resto, mode:BACK
2026-05-19 19:57:59, SELF, v:1, k:ed@resto, self:1, rate:100, study:30
2026-05-19 19:58:13, MOVE, v:1, k:ed@resto, mode:PICK
2026-05-19 19:59:10, MOVE, v:1, k:ed@resto, mode:BACK
2026-05-19 19:59:21, MOVE, v:1, k:ed@mdc, mode:PICK
2026-05-19 19:59:22, MOVE, v:1, k:ed@mdc, mode:BACK
2026-05-19 19:59:41, SELF, v:1, k:ed@+analise, self:1, concept:1
2026-05-19 19:59:56, SELF, v:1, k:ed@+recursao, self:1, study:30
2026-05-19 20:00:06, MOVE, v:1, k:ed@mdc, mode:PICK
2026-05-19 19:56:52, MOVE, v:1, k:ed@resto, mode:EDIT
2026-05-19 20:06:28, EXEC, v:1, k:ed@mdc, mode:FULL, rate:0, size:25
2026-05-19 20:08:46, EXEC, v:1, k:ed@mdc, mode:FULL, rate:100, size:25
2026-05-19 20:09:00, MOVE, v:1, k:ed@mdc, mode:BACK
2026-05-19 20:09:39, SELF, v:1, k:ed@mdc, self:1, rate:100, study:5, concept:1
2026-05-19 20:10:12, SELF, v:1, k:ed@mdc, self:1, rate:100, study:10, concept:1
2026-05-19 20:41:49, MOVE, v:1, k:ed@queimada, mode:DOWN
2026-05-19 20:41:53, MOVE, v:1, k:ed@queimada, mode:PICK
2026-05-19 20:42:06, EXEC, v:1, k:ed@queimada, mode:FULL, rate:16, size:41
2026-05-19 20:41:49, MOVE, v:1, k:ed@queimada, mode:EDIT
2026-05-19 20:41:49, MOVE, v:1, k:ed@queimada, mode:EDIT
2026-05-19 20:41:49, MOVE, v:1, k:ed@queimada, mode:EDIT
2026-05-19 20:46:37, MOVE, v:1, k:ed@queimada, mode:BACK
2026-05-19 20:49:16, MOVE, v:1, k:ed@queimada, mode:PICK
2026-05-19 20:52:29, MOVE, v:1, k:ed@queimada, mode:BACK
2026-05-19 20:54:13, MOVE, v:1, k:ed@queimada, mode:EDIT
2026-05-19 21:05:44, MOVE, v:1, k:ed@queimada, mode:PICK
2026-05-19 21:06:30, MOVE, v:1, k:ed@queimada, mode:BACK
