2026-05-14 08:15:24, MOVE, v:1, k:ed@manipulacao, mode:PICK
2026-05-14 08:19:33, EXEC, v:1, k:ed@manipulacao, mode:FULL, rate:28, size:124
2026-05-14 08:19:20, MOVE, v:1, k:ed@manipulacao, mode:EDIT
2026-05-14 08:23:12, MOVE, v:1, k:ed@manipulacao, mode:EDIT
2026-05-14 08:29:41, MOVE, v:1, k:ed@manipulacao, mode:EDIT
2026-05-14 08:32:13, MOVE, v:1, k:ed@manipulacao, mode:EDIT
2026-05-14 08:39:01, EXEC, v:1, k:ed@manipulacao, mode:FULL, rate:42, size:124
2026-05-14 08:35:10, MOVE, v:1, k:ed@manipulacao, mode:EDIT
2026-05-14 08:43:39, EXEC, v:1, k:ed@manipulacao, mode:FULL, rate:57, size:135
2026-05-14 08:43:35, MOVE, v:1, k:ed@manipulacao, mode:EDIT
2026-05-14 08:48:50, EXEC, v:1, k:ed@manipulacao, mode:FULL, rate:57, size:138
2026-05-14 08:49:13, EXEC, v:1, k:ed@manipulacao, mode:FULL, rate:71, size:138
2026-05-14 08:49:11, MOVE, v:1, k:ed@manipulacao, mode:EDIT
2026-05-14 08:50:44, MOVE, v:1, k:ed@manipulacao, mode:BACK
2026-05-14 09:36:49, MOVE, v:1, k:ed@manipulacao, mode:PICK
2026-05-14 09:40:03, MOVE, v:1, k:ed@manipulacao, mode:EDIT
2026-05-14 09:44:09, MOVE, v:1, k:ed@manipulacao, mode:EDIT
2026-05-14 09:46:52, EXEC, v:1, k:ed@manipulacao, mode:FULL, rate:85, size:159
2026-05-14 09:48:08, EXEC, v:1, k:ed@manipulacao, mode:FULL, rate:85, size:174
2026-05-14 09:49:41, EXEC, v:1, k:ed@manipulacao, mode:FULL, rate:85, size:175
2026-05-14 09:51:29, EXEC, v:1, k:ed@manipulacao, mode:FULL, rate:100, size:175
2026-05-14 09:51:34, MOVE, v:1, k:ed@manipulacao, mode:BACK
2026-05-14 09:51:27, MOVE, v:1, k:ed@manipulacao, mode:EDIT
2026-05-14 09:52:12, SELF, v:1, k:ed@manipulacao, self:1, rate:100, study:60, concept:1
2026-05-14 20:18:26, MOVE, v:1, k:ed@triangulo, mode:PICK
2026-05-14 20:18:45, MOVE, v:1, k:ed@triangulo, mode:BACK
2026-05-14 20:18:53, MOVE, v:1, k:ed@triangulo, mode:PICK
2026-05-14 20:19:19, EXEC, v:1, k:ed@triangulo, mode:FULL, rate:100
2026-05-14 20:21:03, EXEC, v:1, k:ed@triangulo, mode:FULL, rate:0, size:46
2026-05-14 20:21:41, MOVE, v:1, k:ed@triangulo, mode:BACK
2026-05-14 20:23:11, MOVE, v:1, k:ed@triangulo, mode:DOWN
2026-05-14 20:23:14, MOVE, v:1, k:ed@triangulo, mode:PICK
2026-05-14 20:23:29, EXEC, v:1, k:ed@triangulo, mode:FULL, rate:0, size:48
2026-05-14 20:23:11, MOVE, v:1, k:ed@triangulo, mode:EDIT
2026-05-14 20:23:11, MOVE, v:1, k:ed@triangulo, mode:EDIT
2026-05-14 20:25:41, MOVE, v:1, k:ed@triangulo, mode:EDIT
2026-05-14 20:30:11, MOVE, v:1, k:ed@triangulo, mode:EDIT
2026-05-14 20:35:53, MOVE, v:1, k:ed@triangulo, mode:BACK
2026-05-14 20:35:49, MOVE, v:1, k:ed@triangulo, mode:EDIT
2026-05-14 20:38:15, MOVE, v:1, k:ed@triangulo, mode:PICK
2026-05-14 20:38:24, EXEC, v:1, k:ed@triangulo, mode:FULL, size:59, fail:COMP
2026-05-14 20:40:01, EXEC, v:1, k:ed@triangulo, mode:FULL, rate:100, size:58
2026-05-14 20:40:08, EXEC, v:1, k:ed@triangulo, mode:FULL, rate:100
2026-05-14 20:43:05, MOVE, v:1, k:ed@triangulo, mode:BACK
2026-05-14 20:39:49, MOVE, v:1, k:ed@triangulo, mode:EDIT
2026-05-14 20:43:32, SELF, v:1, k:ed@triangulo, self:1, rate:100, study:30, concept:1, refactor:1
2026-05-14 20:43:38, SELF, v:1, k:ed@triangulo, self:1, rate:100, study:30, concept:1
2026-05-14 20:43:59, MOVE, v:1, k:ed@triangulo, mode:PICK
2026-05-14 20:47:44, EXEC, v:1, k:ed@triangulo, mode:FULL, rate:100
2026-05-14 20:47:45, MOVE, v:1, k:ed@triangulo, mode:BACK
