2026-05-04 19:08:28, MOVE, v:1, k:ed@mumia, mode:PICK
2026-05-04 19:09:43, EXEC, v:1, k:ed@mumia, mode:FULL, rate:100
2026-05-04 19:09:43, MOVE, v:1, k:ed@mumia, mode:BACK
2026-05-04 19:10:27, SELF, v:1, k:ed@mumia, self:1, rate:100, friend:nao, problem:1, debug:1
2026-05-04 19:10:30, MOVE, v:1, k:ed@fuga, mode:PICK
2026-05-04 19:11:14, EXEC, v:1, k:ed@fuga, mode:FULL, rate:100
2026-05-04 19:11:16, MOVE, v:1, k:ed@fuga, mode:BACK
2026-05-04 19:11:23, MOVE, v:1, k:ed@fuga, mode:PICK
2026-05-04 19:09:42, MOVE, v:1, k:ed@mumia, mode:EDIT
2026-05-04 19:11:14, MOVE, v:1, k:ed@fuga, mode:EDIT
2026-05-04 19:14:04, MOVE, v:1, k:ed@fuga, mode:BACK
2026-05-04 19:15:10, SELF, v:1, k:ed@fuga, self:1, rate:100, friend:nao, concept:1, problem:1, debug:1
2026-05-04 19:15:45, MOVE, v:1, k:ed@casais, mode:PICK
2026-05-04 19:27:15, MOVE, v:1, k:ed@casais, mode:EDIT
2026-05-04 19:30:43, MOVE, v:1, k:ed@casais, mode:EDIT
2026-05-04 19:40:52, MOVE, v:1, k:ed@casais, mode:EDIT
2026-05-04 20:48:24, MOVE, v:1, k:ed@casais, mode:PICK
2026-05-04 21:00:20, MOVE, v:1, k:ed@casais, mode:EDIT
2026-05-04 21:07:14, EXEC, v:1, k:ed@casais, mode:FULL, size:45, fail:COMP
2026-05-04 21:07:31, EXEC, v:1, k:ed@casais, mode:FULL, fail:COMP
2026-05-04 21:07:12, MOVE, v:1, k:ed@casais, mode:EDIT
2026-05-04 21:09:09, EXEC, v:1, k:ed@casais, mode:FULL, size:43, fail:COMP
2026-05-04 21:13:06, EXEC, v:1, k:ed@casais, mode:FULL, size:42, fail:COMP
2026-05-04 21:13:03, MOVE, v:1, k:ed@casais, mode:EDIT
2026-05-04 21:14:07, EXEC, v:1, k:ed@casais, mode:FULL, rate:0, size:42
2026-05-04 21:14:03, MOVE, v:1, k:ed@casais, mode:EDIT
2026-05-04 21:42:56, EXEC, v:1, k:ed@casais, mode:FULL, rate:0
2026-05-04 21:43:47, EXEC, v:1, k:ed@casais, mode:FULL, rate:0, size:44
2026-05-04 21:46:05, EXEC, v:1, k:ed@casais, mode:FULL, rate:0
2026-05-04 21:46:06, MOVE, v:1, k:ed@casais, mode:BACK
